c:\users\bennet\documents\workspace\thaibasil\builds\visualstudio2019\x64\debug\vst\vc142.pdb
c:\users\bennet\documents\workspace\thaibasil\builds\visualstudio2019\x64\debug\vst\include_juce_audio_plugin_client_vst2.obj
c:\users\bennet\documents\workspace\thaibasil\builds\visualstudio2019\x64\debug\vst\thaibasil.dll
c:\users\bennet\documents\workspace\thaibasil\builds\visualstudio2019\x64\debug\vst\thaibasil.ilk
c:\users\bennet\documents\workspace\thaibasil\builds\visualstudio2019\x64\debug\vst\thaibasil.pdb
c:\users\bennet\documents\workspace\thaibasil\builds\visualstudio2019\x64\debug\vst\resources.res
c:\users\bennet\documents\workspace\thaibasil\builds\visualstudio2019\x64\debug\vst\thaibasil.lib
c:\users\bennet\documents\workspace\thaibasil\builds\visualstudio2019\x64\debug\vst\thaibasil.exp
c:\users\harpershapiro\documents\thaibasil\builds\visualstudio2019\x64\debug\vst\thaibasil.ilk
c:\users\harpershapiro\documents\thaibasil\builds\visualstudio2019\x64\debug\vst\resources.res
c:\users\harpershapiro\documents\thaibasil\builds\visualstudio2019\x64\debug\vst\thaibasil.exp
c:\users\harpershapiro\documents\thaibasil\builds\visualstudio2019\x64\debug\vst\thaibasil.pdb
c:\users\harpershapiro\documents\thaibasil\builds\visualstudio2019\x64\debug\vst\vc142.pdb
c:\users\harpershapiro\documents\thaibasil\builds\visualstudio2019\x64\debug\vst\thaibasil_vst.tlog\cl.command.1.tlog
c:\users\harpershapiro\documents\thaibasil\builds\visualstudio2019\x64\debug\vst\thaibasil_vst.tlog\cl.read.1.tlog
c:\users\harpershapiro\documents\thaibasil\builds\visualstudio2019\x64\debug\vst\thaibasil_vst.tlog\cl.write.1.tlog
c:\users\harpershapiro\documents\thaibasil\builds\visualstudio2019\x64\debug\vst\thaibasil_vst.tlog\link.command.1.tlog
c:\users\harpershapiro\documents\thaibasil\builds\visualstudio2019\x64\debug\vst\thaibasil_vst.tlog\link.delete.1.tlog
c:\users\harpershapiro\documents\thaibasil\builds\visualstudio2019\x64\debug\vst\thaibasil_vst.tlog\link.read.1.tlog
c:\users\harpershapiro\documents\thaibasil\builds\visualstudio2019\x64\debug\vst\thaibasil_vst.tlog\link.write.1.tlog
c:\users\harpershapiro\documents\thaibasil\builds\visualstudio2019\x64\debug\vst\thaibasil_vst.tlog\rc.command.1.tlog
c:\users\harpershapiro\documents\thaibasil\builds\visualstudio2019\x64\debug\vst\thaibasil_vst.tlog\rc.read.1.tlog
c:\users\harpershapiro\documents\thaibasil\builds\visualstudio2019\x64\debug\vst\thaibasil_vst.tlog\rc.write.1.tlog
c:\users\harpershapiro\documents\thaibasil\builds\visualstudio2019\x64\debug\vst\thaibasil_vst.tlog\thaibasil_vst.write.1u.tlog
