c:\users\bennet\documents\workspace\thaibasil\builds\visualstudio2019\x64\debug\shared code\include_juce_audio_utils.obj
c:\users\bennet\documents\workspace\thaibasil\builds\visualstudio2019\x64\debug\shared code\include_juce_opengl.obj
c:\users\bennet\documents\workspace\thaibasil\builds\visualstudio2019\x64\debug\shared code\include_juce_audio_basics.obj
c:\users\bennet\documents\workspace\thaibasil\builds\visualstudio2019\x64\debug\shared code\include_juce_core.obj
c:\users\bennet\documents\workspace\thaibasil\builds\visualstudio2019\x64\debug\shared code\plugineditor.obj
c:\users\bennet\documents\workspace\thaibasil\builds\visualstudio2019\x64\debug\shared code\include_juce_cryptography.obj
c:\users\bennet\documents\workspace\thaibasil\builds\visualstudio2019\x64\debug\shared code\include_juce_gui_basics.obj
c:\users\bennet\documents\workspace\thaibasil\builds\visualstudio2019\x64\debug\shared code\include_juce_audio_formats.obj
c:\users\bennet\documents\workspace\thaibasil\builds\visualstudio2019\x64\debug\shared code\include_juce_audio_devices.obj
c:\users\bennet\documents\workspace\thaibasil\builds\visualstudio2019\x64\debug\shared code\include_juce_graphics.obj
c:\users\bennet\documents\workspace\thaibasil\builds\visualstudio2019\x64\debug\shared code\include_juce_audio_processors.obj
c:\users\bennet\documents\workspace\thaibasil\builds\visualstudio2019\x64\debug\shared code\include_juce_audio_plugin_client_utils.obj
c:\users\bennet\documents\workspace\thaibasil\builds\visualstudio2019\x64\debug\shared code\include_juce_events.obj
c:\users\bennet\documents\workspace\thaibasil\builds\visualstudio2019\x64\debug\shared code\pluginprocessor.obj
c:\users\bennet\documents\workspace\thaibasil\builds\visualstudio2019\x64\debug\shared code\include_juce_data_structures.obj
c:\users\bennet\documents\workspace\thaibasil\builds\visualstudio2019\x64\debug\shared code\include_juce_gui_extra.obj
c:\users\bennet\documents\workspace\thaibasil\builds\visualstudio2019\x64\debug\shared code\include_juce_dsp.obj
c:\users\bennet\documents\workspace\thaibasil\builds\visualstudio2019\x64\debug\shared code\thaibasil_sharedcode.pdb
c:\users\bennet\documents\workspace\thaibasil\builds\visualstudio2019\x64\debug\shared code\thaibasil.lib
c:\users\harpershapiro\documents\thaibasil\builds\visualstudio2019\x64\debug\shared code\thaibasil_sharedcode.pdb
c:\users\harpershapiro\documents\thaibasil\builds\visualstudio2019\x64\debug\shared code\thaibasi.266fb6ed.tlog\cl.command.1.tlog
c:\users\harpershapiro\documents\thaibasil\builds\visualstudio2019\x64\debug\shared code\thaibasi.266fb6ed.tlog\cl.read.1.tlog
c:\users\harpershapiro\documents\thaibasil\builds\visualstudio2019\x64\debug\shared code\thaibasi.266fb6ed.tlog\cl.write.1.tlog
c:\users\harpershapiro\documents\thaibasil\builds\visualstudio2019\x64\debug\shared code\thaibasi.266fb6ed.tlog\lib-link.read.1.tlog
c:\users\harpershapiro\documents\thaibasil\builds\visualstudio2019\x64\debug\shared code\thaibasi.266fb6ed.tlog\lib-link.write.1.tlog
c:\users\harpershapiro\documents\thaibasil\builds\visualstudio2019\x64\debug\shared code\thaibasi.266fb6ed.tlog\lib.command.1.tlog
